#0 building with "default" instance using docker driver

#1 [internal] load build definition from Dockerfile
#1 transferring dockerfile: 2.63kB done
#1 DONE 0.0s

#2 [auth] nvidia/cuda:pull token for registry-1.docker.io
#2 DONE 0.0s

#3 [internal] load metadata for docker.io/nvidia/cuda:12.2.2-devel-ubuntu22.04
#3 DONE 0.7s

#4 [internal] load .dockerignore
#4 transferring context: 93B done
#4 DONE 0.0s

#5 [ 1/12] FROM docker.io/nvidia/cuda:12.2.2-devel-ubuntu22.04@sha256:ae8a022c02aec945c4f8c52f65deaf535de7abb58e840350d19391ec683f4980
#5 resolve docker.io/nvidia/cuda:12.2.2-devel-ubuntu22.04@sha256:ae8a022c02aec945c4f8c52f65deaf535de7abb58e840350d19391ec683f4980 0.0s done
#5 DONE 0.0s

#6 [internal] load build context
#6 transferring context: 59.88kB 0.0s done
#6 DONE 0.0s

#7 [ 3/12] RUN wget https://apt.llvm.org/llvm.sh &&     chmod +x llvm.sh &&     ./llvm.sh 18 all &&     rm llvm.sh
#7 CACHED

#8 [ 7/12] RUN ln -sf /usr/bin/python3.12 /usr/bin/python3 &&     ln -sf /usr/bin/python3.12 /usr/bin/python &&     python3 -m ensurepip --upgrade
#8 CACHED

#9 [ 6/12] RUN git clone https://github.com/AdaptiveCpp/AdaptiveCpp.git &&     cd AdaptiveCpp &&     mkdir build && cd build &&     cmake ..       -DCMAKE_INSTALL_PREFIX=/usr/local       -DWITH_CUDA_BACKEND=ON       -DLLVM_DIR=/usr/lib/llvm-18/lib/cmake/llvm       -DCLANG_EXECUTABLE_PATH=/usr/bin/clang++-18       -DCMAKE_CXX_COMPILER=/usr/bin/clang++-18     && make -j$(nproc) install &&     cd /tmp && rm -rf AdaptiveCpp
#9 CACHED

#10 [ 9/12] RUN pip3 install -r /app/requirements.txt nanobind
#10 CACHED

#11 [ 2/12] RUN apt-get update && apt-get install -y     wget     gpg     software-properties-common     git     build-essential     libboost-all-dev     && add-apt-repository ppa:deadsnakes/ppa     && apt-get update && apt-get install -y     python3.12     python3.12-dev     python3-pip     python3.12-venv     cmake     && rm -rf /var/lib/apt/lists/*
#11 CACHED

#12 [ 4/12] RUN update-alternatives --install /usr/bin/clang++ clang++ /usr/bin/clang++-18 100 &&     update-alternatives --install /usr/bin/clang clang /usr/bin/clang-18 100
#12 CACHED

#13 [ 5/12] WORKDIR /tmp
#13 CACHED

#14 [ 8/12] COPY requirements.txt /app/requirements.txt
#14 CACHED

#15 [10/12] WORKDIR /app
#15 CACHED

#16 [11/12] COPY . /app
#16 DONE 10.4s

#17 [12/12] RUN rm -rf build && mkdir -p build && cd build &&     cmake ..       -DCMAKE_CXX_COMPILER=acpp       -DCMAKE_POSITION_INDEPENDENT_CODE=ON       -DCMAKE_BUILD_TYPE=Release       -DPython3_VERSION=3.12       -DPython3_EXECUTABLE=$(which python3)       -DPython3_INCLUDE_DIR=/usr/include/python3.12 &&     make -j$(nproc) VERBOSE=1
#17 0.315 -- The C compiler identification is GNU 11.4.0
#17 0.460 -- The CXX compiler identification is Clang 18.1.8
#17 0.467 -- Detecting C compiler ABI info
#17 0.550 -- Detecting C compiler ABI info - done
#17 0.557 -- Check for working C compiler: /usr/bin/cc - skipped
#17 0.558 -- Detecting C compile features
#17 0.558 -- Detecting C compile features - done
#17 0.564 -- Detecting CXX compiler ABI info
#17 0.743 -- Detecting CXX compiler ABI info - done
#17 0.750 -- Check for working CXX compiler: /usr/local/bin/acpp - skipped
#17 0.750 -- Detecting CXX compile features
#17 0.751 -- Detecting CXX compile features - done
#17 0.920 -- Found Python3: /usr/bin/python3 (found version "3.12.12") found components: Interpreter Development Development.Module Development.Embed 
#17 3.989 -- Found Python: /usr/bin/python3.10 (found suitable version "3.10.12", minimum required is "3.8") found components: Interpreter Development.Module missing components: Development.SABIModule
#17 4.017 -- Configuring done
#17 4.030 -- Generating done
#17 4.031 -- Build files have been written to: /app/build
#17 4.037 /usr/bin/cmake -S/app -B/app/build --check-build-system CMakeFiles/Makefile.cmake 0
#17 4.042 /usr/bin/cmake -E cmake_progress_start /app/build/CMakeFiles /app/build//CMakeFiles/progress.marks
#17 4.046 make  -f CMakeFiles/Makefile2 all
#17 4.047 make[1]: Entering directory '/app/build'
#17 4.047 make  -f CMakeFiles/nanobind-static.dir/build.make CMakeFiles/nanobind-static.dir/depend
#17 4.048 make[2]: Entering directory '/app/build'
#17 4.048 cd /app/build && /usr/bin/cmake -E cmake_depends "Unix Makefiles" /app /app /app/build /app/build /app/build/CMakeFiles/nanobind-static.dir/DependInfo.cmake --color=
#17 4.056 make[2]: Leaving directory '/app/build'
#17 4.056 make  -f CMakeFiles/nanobind-static.dir/build.make CMakeFiles/nanobind-static.dir/build
#17 4.057 make[2]: Entering directory '/app/build'
#17 4.066 [ 14%] Building CXX object CMakeFiles/nanobind-static.dir/_deps/nanobind-src/src/nb_static_property.cpp.o
#17 4.066 [ 21%] Building CXX object CMakeFiles/nanobind-static.dir/_deps/nanobind-src/src/common.cpp.o
#17 4.066 [ 21%] Building CXX object CMakeFiles/nanobind-static.dir/_deps/nanobind-src/src/nb_ndarray.cpp.o
#17 4.066 [ 28%] Building CXX object CMakeFiles/nanobind-static.dir/_deps/nanobind-src/src/nb_func.cpp.o
#17 4.066 [ 42%] Building CXX object CMakeFiles/nanobind-static.dir/_deps/nanobind-src/src/trampoline.cpp.o
#17 4.066 [ 42%] Building CXX object CMakeFiles/nanobind-static.dir/_deps/nanobind-src/src/error.cpp.o
#17 4.067 [ 50%] Building CXX object CMakeFiles/nanobind-static.dir/_deps/nanobind-src/src/nb_internals.cpp.o
#17 4.067 /usr/local/bin/acpp -DNB_COMPACT_ASSERTIONS -I/usr/include/python3.12 -I/app/src -I/app/build/_deps/nanobind-src/ext/robin_map/include -I/app/build/_deps/nanobind-src/include -O3 -DNDEBUG -fPIC -fvisibility=hidden -ffunction-sections -fdata-sections -fno-strict-aliasing -std=gnu++17 -MD -MT CMakeFiles/nanobind-static.dir/_deps/nanobind-src/src/nb_static_property.cpp.o -MF CMakeFiles/nanobind-static.dir/_deps/nanobind-src/src/nb_static_property.cpp.o.d -o CMakeFiles/nanobind-static.dir/_deps/nanobind-src/src/nb_static_property.cpp.o -c /app/build/_deps/nanobind-src/src/nb_static_property.cpp
#17 4.067 /usr/local/bin/acpp -DNB_COMPACT_ASSERTIONS -I/usr/include/python3.12 -I/app/src -I/app/build/_deps/nanobind-src/ext/robin_map/include -I/app/build/_deps/nanobind-src/include -O3 -DNDEBUG -fPIC -fvisibility=hidden -ffunction-sections -fdata-sections -fno-strict-aliasing -std=gnu++17 -MD -MT CMakeFiles/nanobind-static.dir/_deps/nanobind-src/src/common.cpp.o -MF CMakeFiles/nanobind-static.dir/_deps/nanobind-src/src/common.cpp.o.d -o CMakeFiles/nanobind-static.dir/_deps/nanobind-src/src/common.cpp.o -c /app/build/_deps/nanobind-src/src/common.cpp
#17 4.067 /usr/local/bin/acpp -DNB_COMPACT_ASSERTIONS -I/usr/include/python3.12 -I/app/src -I/app/build/_deps/nanobind-src/ext/robin_map/include -I/app/build/_deps/nanobind-src/include -O3 -DNDEBUG -fPIC -fvisibility=hidden -ffunction-sections -fdata-sections -fno-strict-aliasing -std=gnu++17 -MD -MT CMakeFiles/nanobind-static.dir/_deps/nanobind-src/src/nb_ndarray.cpp.o -MF CMakeFiles/nanobind-static.dir/_deps/nanobind-src/src/nb_ndarray.cpp.o.d -o CMakeFiles/nanobind-static.dir/_deps/nanobind-src/src/nb_ndarray.cpp.o -c /app/build/_deps/nanobind-src/src/nb_ndarray.cpp
#17 4.067 /usr/local/bin/acpp -DNB_COMPACT_ASSERTIONS -I/usr/include/python3.12 -I/app/src -I/app/build/_deps/nanobind-src/ext/robin_map/include -I/app/build/_deps/nanobind-src/include -O3 -DNDEBUG -fPIC -fvisibility=hidden -ffunction-sections -fdata-sections -fno-strict-aliasing -std=gnu++17 -MD -MT CMakeFiles/nanobind-static.dir/_deps/nanobind-src/src/nb_func.cpp.o -MF CMakeFiles/nanobind-static.dir/_deps/nanobind-src/src/nb_func.cpp.o.d -o CMakeFiles/nanobind-static.dir/_deps/nanobind-src/src/nb_func.cpp.o -c /app/build/_deps/nanobind-src/src/nb_func.cpp
#17 4.067 /usr/local/bin/acpp -DNB_COMPACT_ASSERTIONS -I/usr/include/python3.12 -I/app/src -I/app/build/_deps/nanobind-src/ext/robin_map/include -I/app/build/_deps/nanobind-src/include -O3 -DNDEBUG -fPIC -fvisibility=hidden -ffunction-sections -fdata-sections -fno-strict-aliasing -std=gnu++17 -MD -MT CMakeFiles/nanobind-static.dir/_deps/nanobind-src/src/error.cpp.o -MF CMakeFiles/nanobind-static.dir/_deps/nanobind-src/src/error.cpp.o.d -o CMakeFiles/nanobind-static.dir/_deps/nanobind-src/src/error.cpp.o -c /app/build/_deps/nanobind-src/src/error.cpp
#17 4.067 [ 57%] Building CXX object CMakeFiles/nanobind-static.dir/_deps/nanobind-src/src/nb_enum.cpp.o
#17 4.067 /usr/local/bin/acpp -DNB_COMPACT_ASSERTIONS -I/usr/include/python3.12 -I/app/src -I/app/build/_deps/nanobind-src/ext/robin_map/include -I/app/build/_deps/nanobind-src/include -O3 -DNDEBUG -fPIC -fvisibility=hidden -ffunction-sections -fdata-sections -fno-strict-aliasing -std=gnu++17 -MD -MT CMakeFiles/nanobind-static.dir/_deps/nanobind-src/src/trampoline.cpp.o -MF CMakeFiles/nanobind-static.dir/_deps/nanobind-src/src/trampoline.cpp.o.d -o CMakeFiles/nanobind-static.dir/_deps/nanobind-src/src/trampoline.cpp.o -c /app/build/_deps/nanobind-src/src/trampoline.cpp
#17 4.067 [ 64%] Building CXX object CMakeFiles/nanobind-static.dir/_deps/nanobind-src/src/nb_type.cpp.o
#17 4.067 /usr/local/bin/acpp -DNB_COMPACT_ASSERTIONS -I/usr/include/python3.12 -I/app/src -I/app/build/_deps/nanobind-src/ext/robin_map/include -I/app/build/_deps/nanobind-src/include -O3 -DNDEBUG -fPIC -fvisibility=hidden -ffunction-sections -fdata-sections -fno-strict-aliasing -std=gnu++17 -MD -MT CMakeFiles/nanobind-static.dir/_deps/nanobind-src/src/nb_internals.cpp.o -MF CMakeFiles/nanobind-static.dir/_deps/nanobind-src/src/nb_internals.cpp.o.d -o CMakeFiles/nanobind-static.dir/_deps/nanobind-src/src/nb_internals.cpp.o -c /app/build/_deps/nanobind-src/src/nb_internals.cpp
#17 4.068 [ 71%] Building CXX object CMakeFiles/nanobind-static.dir/_deps/nanobind-src/src/implicit.cpp.o
#17 4.068 /usr/local/bin/acpp -DNB_COMPACT_ASSERTIONS -I/usr/include/python3.12 -I/app/src -I/app/build/_deps/nanobind-src/ext/robin_map/include -I/app/build/_deps/nanobind-src/include -O3 -DNDEBUG -fPIC -fvisibility=hidden -ffunction-sections -fdata-sections -fno-strict-aliasing -std=gnu++17 -MD -MT CMakeFiles/nanobind-static.dir/_deps/nanobind-src/src/nb_enum.cpp.o -MF CMakeFiles/nanobind-static.dir/_deps/nanobind-src/src/nb_enum.cpp.o.d -o CMakeFiles/nanobind-static.dir/_deps/nanobind-src/src/nb_enum.cpp.o -c /app/build/_deps/nanobind-src/src/nb_enum.cpp
#17 4.068 /usr/local/bin/acpp -DNB_COMPACT_ASSERTIONS -I/usr/include/python3.12 -I/app/src -I/app/build/_deps/nanobind-src/ext/robin_map/include -I/app/build/_deps/nanobind-src/include -O3 -DNDEBUG -fPIC -fvisibility=hidden -ffunction-sections -fdata-sections -fno-strict-aliasing -std=gnu++17 -MD -MT CMakeFiles/nanobind-static.dir/_deps/nanobind-src/src/nb_type.cpp.o -MF CMakeFiles/nanobind-static.dir/_deps/nanobind-src/src/nb_type.cpp.o.d -o CMakeFiles/nanobind-static.dir/_deps/nanobind-src/src/nb_type.cpp.o -c /app/build/_deps/nanobind-src/src/nb_type.cpp
#17 4.069 /usr/local/bin/acpp -DNB_COMPACT_ASSERTIONS -I/usr/include/python3.12 -I/app/src -I/app/build/_deps/nanobind-src/ext/robin_map/include -I/app/build/_deps/nanobind-src/include -O3 -DNDEBUG -fPIC -fvisibility=hidden -ffunction-sections -fdata-sections -fno-strict-aliasing -std=gnu++17 -MD -MT CMakeFiles/nanobind-static.dir/_deps/nanobind-src/src/implicit.cpp.o -MF CMakeFiles/nanobind-static.dir/_deps/nanobind-src/src/implicit.cpp.o.d -o CMakeFiles/nanobind-static.dir/_deps/nanobind-src/src/implicit.cpp.o -c /app/build/_deps/nanobind-src/src/implicit.cpp
#17 5.211 [ 78%] Linking CXX static library libnanobind-static.a
#17 5.212 /usr/bin/cmake -P CMakeFiles/nanobind-static.dir/cmake_clean_target.cmake
#17 5.216 /usr/bin/cmake -E cmake_link_script CMakeFiles/nanobind-static.dir/link.txt --verbose=1
#17 5.222 /usr/bin/ar qc libnanobind-static.a CMakeFiles/nanobind-static.dir/_deps/nanobind-src/src/nb_internals.cpp.o CMakeFiles/nanobind-static.dir/_deps/nanobind-src/src/nb_func.cpp.o CMakeFiles/nanobind-static.dir/_deps/nanobind-src/src/nb_type.cpp.o CMakeFiles/nanobind-static.dir/_deps/nanobind-src/src/nb_enum.cpp.o CMakeFiles/nanobind-static.dir/_deps/nanobind-src/src/nb_ndarray.cpp.o CMakeFiles/nanobind-static.dir/_deps/nanobind-src/src/nb_static_property.cpp.o CMakeFiles/nanobind-static.dir/_deps/nanobind-src/src/common.cpp.o CMakeFiles/nanobind-static.dir/_deps/nanobind-src/src/error.cpp.o CMakeFiles/nanobind-static.dir/_deps/nanobind-src/src/trampoline.cpp.o CMakeFiles/nanobind-static.dir/_deps/nanobind-src/src/implicit.cpp.o
#17 5.244 /usr/bin/ranlib libnanobind-static.a
#17 5.259 make[2]: Leaving directory '/app/build'
#17 5.266 [ 78%] Built target nanobind-static
#17 5.267 make  -f CMakeFiles/h3_turbo.dir/build.make CMakeFiles/h3_turbo.dir/depend
#17 5.268 make[2]: Entering directory '/app/build'
#17 5.268 cd /app/build && /usr/bin/cmake -E cmake_depends "Unix Makefiles" /app /app /app/build /app/build /app/build/CMakeFiles/h3_turbo.dir/DependInfo.cmake --color=
#17 5.278 make[2]: Leaving directory '/app/build'
#17 5.278 make  -f CMakeFiles/h3_turbo.dir/build.make CMakeFiles/h3_turbo.dir/build
#17 5.279 make[2]: Entering directory '/app/build'
#17 5.294 [ 85%] Building CXX object CMakeFiles/h3_turbo.dir/src/h3_kernel.cpp.o
#17 5.294 [ 92%] Building CXX object CMakeFiles/h3_turbo.dir/src/python_bindings.cpp.o
#17 5.295 /usr/local/bin/acpp -Dh3_turbo_EXPORTS -I/usr/include/python3.12 -I/app/src -I/app/build/_deps/nanobind-src/include -O3 -DNDEBUG -fPIC -fvisibility=hidden -fno-stack-protector -Os -ffunction-sections -fdata-sections -std=gnu++17 -MD -MT CMakeFiles/h3_turbo.dir/src/h3_kernel.cpp.o -MF CMakeFiles/h3_turbo.dir/src/h3_kernel.cpp.o.d -o CMakeFiles/h3_turbo.dir/src/h3_kernel.cpp.o -c /app/src/h3_kernel.cpp
#17 5.296 /usr/local/bin/acpp -Dh3_turbo_EXPORTS -I/usr/include/python3.12 -I/app/src -I/app/build/_deps/nanobind-src/include -O3 -DNDEBUG -fPIC -fvisibility=hidden -fno-stack-protector -Os -ffunction-sections -fdata-sections -std=gnu++17 -MD -MT CMakeFiles/h3_turbo.dir/src/python_bindings.cpp.o -MF CMakeFiles/h3_turbo.dir/src/python_bindings.cpp.o.d -o CMakeFiles/h3_turbo.dir/src/python_bindings.cpp.o -c /app/src/python_bindings.cpp
#17 8.115 [100%] Linking CXX shared module h3_turbo.cpython-310-x86_64-linux-gnu.so
#17 8.116 /usr/bin/cmake -E cmake_link_script CMakeFiles/h3_turbo.dir/link.txt --verbose=1
#17 8.120 /usr/local/bin/acpp -fPIC -O3 -DNDEBUG -Wl,-s -Wl,--gc-sections -shared  -o h3_turbo.cpython-310-x86_64-linux-gnu.so CMakeFiles/h3_turbo.dir/src/python_bindings.cpp.o CMakeFiles/h3_turbo.dir/src/h3_kernel.cpp.o  libnanobind-static.a -lh3 /usr/local/lib/libacpp-rt.so /usr/local/lib/libacpp-common.so 
#17 8.165 /usr/bin/ld: cannot find -lh3: No such file or directory
#17 8.176 clang++-18: error: linker command failed with exit code 1 (use -v to see invocation)
#17 8.184 make[2]: *** [CMakeFiles/h3_turbo.dir/build.make:116: h3_turbo.cpython-310-x86_64-linux-gnu.so] Error 1
#17 8.184 make[2]: Leaving directory '/app/build'
#17 8.184 make[1]: *** [CMakeFiles/Makefile2:101: CMakeFiles/h3_turbo.dir/all] Error 2
#17 8.184 make[1]: Leaving directory '/app/build'
#17 8.184 make: *** [Makefile:136: all] Error 2
#17 ERROR: process "/bin/sh -c rm -rf build && mkdir -p build && cd build &&     cmake ..       -DCMAKE_CXX_COMPILER=acpp       -DCMAKE_POSITION_INDEPENDENT_CODE=ON       -DCMAKE_BUILD_TYPE=Release       -DPython3_VERSION=3.12       -DPython3_EXECUTABLE=$(which python3)       -DPython3_INCLUDE_DIR=/usr/include/python3.12 &&     make -j$(nproc) VERBOSE=1" did not complete successfully: exit code: 2
------
 > [12/12] RUN rm -rf build && mkdir -p build && cd build &&     cmake ..       -DCMAKE_CXX_COMPILER=acpp       -DCMAKE_POSITION_INDEPENDENT_CODE=ON       -DCMAKE_BUILD_TYPE=Release       -DPython3_VERSION=3.12       -DPython3_EXECUTABLE=$(which python3)       -DPython3_INCLUDE_DIR=/usr/include/python3.12 &&     make -j$(nproc) VERBOSE=1:
8.115 [100%] Linking CXX shared module h3_turbo.cpython-310-x86_64-linux-gnu.so
8.116 /usr/bin/cmake -E cmake_link_script CMakeFiles/h3_turbo.dir/link.txt --verbose=1
8.120 /usr/local/bin/acpp -fPIC -O3 -DNDEBUG -Wl,-s -Wl,--gc-sections -shared  -o h3_turbo.cpython-310-x86_64-linux-gnu.so CMakeFiles/h3_turbo.dir/src/python_bindings.cpp.o CMakeFiles/h3_turbo.dir/src/h3_kernel.cpp.o  libnanobind-static.a -lh3 /usr/local/lib/libacpp-rt.so /usr/local/lib/libacpp-common.so 
8.165 /usr/bin/ld: cannot find -lh3: No such file or directory
8.176 clang++-18: error: linker command failed with exit code 1 (use -v to see invocation)
8.184 make[2]: *** [CMakeFiles/h3_turbo.dir/build.make:116: h3_turbo.cpython-310-x86_64-linux-gnu.so] Error 1
8.184 make[2]: Leaving directory '/app/build'
8.184 make[1]: *** [CMakeFiles/Makefile2:101: CMakeFiles/h3_turbo.dir/all] Error 2
8.184 make[1]: Leaving directory '/app/build'
8.184 make: *** [Makefile:136: all] Error 2
------
Dockerfile:70
--------------------
  69 |     # 7. Build the Application using 'acpp'
  70 | >>> RUN rm -rf build && mkdir -p build && cd build && \
  71 | >>>     cmake .. \
  72 | >>>       -DCMAKE_CXX_COMPILER=acpp \
  73 | >>>       -DCMAKE_POSITION_INDEPENDENT_CODE=ON \
  74 | >>>       -DCMAKE_BUILD_TYPE=Release \
  75 | >>>       -DPython3_VERSION=3.12 \
  76 | >>>       -DPython3_EXECUTABLE=$(which python3) \
  77 | >>>       -DPython3_INCLUDE_DIR=/usr/include/python3.12 && \
  78 | >>>     make -j$(nproc) VERBOSE=1
  79 |     
--------------------
ERROR: failed to build: failed to solve: process "/bin/sh -c rm -rf build && mkdir -p build && cd build &&     cmake ..       -DCMAKE_CXX_COMPILER=acpp       -DCMAKE_POSITION_INDEPENDENT_CODE=ON       -DCMAKE_BUILD_TYPE=Release       -DPython3_VERSION=3.12       -DPython3_EXECUTABLE=$(which python3)       -DPython3_INCLUDE_DIR=/usr/include/python3.12 &&     make -j$(nproc) VERBOSE=1" did not complete successfully: exit code: 2
